# JRE version: Java(TM) SE Runtime Environment (8.0_65-b17) (build 1.8.0_65-b17)
# Java VM: Java HotSpot(TM) 64-Bit Server VM (25.65-b01 mixed mode windows-amd64 compressed oops)
Heap:
 PSYoungGen      total 250880K, used 52856K [0x0000000780900000, 0x0000000795180000, 0x00000007c0000000)
  eden space 232960K, 15% used [0x0000000780900000,0x0000000782b24188,0x000000078ec80000)
  from space 17920K, 99% used [0x000000078ec80000,0x000000078fdf9ea0,0x000000078fe00000)
  to   space 20992K, 0% used [0x0000000793d00000,0x0000000793d00000,0x0000000795180000)
 ParOldGen       total 124416K, used 24446K [0x0000000701a00000, 0x0000000709380000, 0x0000000780900000)
  object space 124416K, 19% used [0x0000000701a00000,0x00000007031dfa90,0x0000000709380000)
 Metaspace       used 57127K, capacity 57807K, committed 58032K, reserved 1099776K
  class space    used 7341K, capacity 7517K, committed 7600K, reserved 1048576K
GC Heap History (10 events):
Event: 6.776 GC heap before
{Heap before GC invocations=7 (full 1):
 PSYoungGen      total 106496K, used 105198K [0x0000000780900000, 0x000000078b780000, 0x00000007c0000000)
  eden space 98304K, 100% used [0x0000000780900000,0x0000000786900000,0x0000000786900000)
  from space 8192K, 84% used [0x0000000786900000,0x0000000786fbbaf8,0x0000000787100000)
  to   space 9728K, 0% used [0x000000078ae00000,0x000000078ae00000,0x000000078b780000)
 ParOldGen       total 73728K, used 6753K [0x0000000701a00000, 0x0000000706200000, 0x0000000780900000)
  object space 73728K, 9% used [0x0000000701a00000,0x0000000702098688,0x0000000706200000)
 Metaspace       used 29815K, capacity 30151K, committed 30512K, reserved 1075200K
  class space    used 3672K, capacity 3771K, committed 3888K, reserved 1048576K
Event: 6.788 GC heap after
Heap after GC invocations=7 (full 1):
 PSYoungGen      total 164352K, used 9722K [0x0000000780900000, 0x000000078b800000, 0x00000007c0000000)
  eden space 154624K, 0% used [0x0000000780900000,0x0000000780900000,0x000000078a000000)
  from space 9728K, 99% used [0x000000078ae00000,0x000000078b77ea60,0x000000078b780000)
  to   space 12288K, 0% used [0x000000078a000000,0x000000078a000000,0x000000078ac00000)
 ParOldGen       total 73728K, used 9699K [0x0000000701a00000, 0x0000000706200000, 0x0000000780900000)
  object space 73728K, 13% used [0x0000000701a00000,0x0000000702378dd8,0x0000000706200000)
 Metaspace       used 29815K, capacity 30151K, committed 30512K, reserved 1075200K
  class space    used 3672K, capacity 3771K, committed 3888K, reserved 1048576K
}
Event: 8.322 GC heap before
{Heap before GC invocations=8 (full 1):
 PSYoungGen      total 164352K, used 114308K [0x0000000780900000, 0x000000078b800000, 0x00000007c0000000)
  eden space 154624K, 67% used [0x0000000780900000,0x0000000786f22858,0x000000078a000000)
  from space 9728K, 99% used [0x000000078ae00000,0x000000078b77ea60,0x000000078b780000)
  to   space 12288K, 0% used [0x000000078a000000,0x000000078a000000,0x000000078ac00000)
 ParOldGen       total 73728K, used 9699K [0x0000000701a00000, 0x0000000706200000, 0x0000000780900000)
  object space 73728K, 13% used [0x0000000701a00000,0x0000000702378dd8,0x0000000706200000)
 Metaspace       used 34889K, capacity 35223K, committed 35496K, reserved 1081344K
  class space    used 4279K, capacity 4387K, committed 4400K, reserved 1048576K
Event: 8.341 GC heap after
Heap after GC invocations=8 (full 1):
 PSYoungGen      total 166912K, used 12272K [0x0000000780900000, 0x0000000791000000, 0x00000007c0000000)
  eden space 154624K, 0% used [0x0000000780900000,0x0000000780900000,0x000000078a000000)
  from space 12288K, 99% used [0x000000078a000000,0x000000078abfc218,0x000000078ac00000)
  to   space 15872K, 0% used [0x0000000790080000,0x0000000790080000,0x0000000791000000)
 ParOldGen       total 73728K, used 14214K [0x0000000701a00000, 0x0000000706200000, 0x0000000780900000)
  object space 73728K, 19% used [0x0000000701a00000,0x00000007027e1938,0x0000000706200000)
 Metaspace       used 34889K, capacity 35223K, committed 35496K, reserved 1081344K
  class space    used 4279K, capacity 4387K, committed 4400K, reserved 1048576K
}
Event: 8.341 GC heap before
{Heap before GC invocations=9 (full 2):
 PSYoungGen      total 166912K, used 12272K [0x0000000780900000, 0x0000000791000000, 0x00000007c0000000)
  eden space 154624K, 0% used [0x0000000780900000,0x0000000780900000,0x000000078a000000)
  from space 12288K, 99% used [0x000000078a000000,0x000000078abfc218,0x000000078ac00000)
  to   space 15872K, 0% used [0x0000000790080000,0x0000000790080000,0x0000000791000000)
 ParOldGen       total 73728K, used 14214K [0x0000000701a00000, 0x0000000706200000, 0x0000000780900000)
  object space 73728K, 19% used [0x0000000701a00000,0x00000007027e1938,0x0000000706200000)
 Metaspace       used 34889K, capacity 35223K, committed 35496K, reserved 1081344K
  class space    used 4279K, capacity 4387K, committed 4400K, reserved 1048576K
Event: 8.430 GC heap after
Heap after GC invocations=9 (full 2):
 PSYoungGen      total 166912K, used 0K [0x0000000780900000, 0x0000000791000000, 0x00000007c0000000)
  eden space 154624K, 0% used [0x0000000780900000,0x0000000780900000,0x000000078a000000)
  from space 12288K, 0% used [0x000000078a000000,0x000000078a000000,0x000000078ac00000)
  to   space 15872K, 0% used [0x0000000790080000,0x0000000790080000,0x0000000791000000)
 ParOldGen       total 124416K, used 23011K [0x0000000701a00000, 0x0000000709380000, 0x0000000780900000)
  object space 124416K, 18% used [0x0000000701a00000,0x0000000703078e90,0x0000000709380000)
 Metaspace       used 34889K, capacity 35223K, committed 35496K, reserved 1081344K
  class space    used 4279K, capacity 4387K, committed 4400K, reserved 1048576K
}
Event: 11.338 GC heap before
{Heap before GC invocations=10 (full 2):
 PSYoungGen      total 166912K, used 154624K [0x0000000780900000, 0x0000000791000000, 0x00000007c0000000)
  eden space 154624K, 100% used [0x0000000780900000,0x000000078a000000,0x000000078a000000)
  from space 12288K, 0% used [0x000000078a000000,0x000000078a000000,0x000000078ac00000)
  to   space 15872K, 0% used [0x0000000790080000,0x0000000790080000,0x0000000791000000)
 ParOldGen       total 124416K, used 23011K [0x0000000701a00000, 0x0000000709380000, 0x0000000780900000)
  object space 124416K, 18% used [0x0000000701a00000,0x0000000703078e90,0x0000000709380000)
 Metaspace       used 46897K, capacity 47345K, committed 47664K, reserved 1091584K
  class space    used 6018K, capacity 6114K, committed 6192K, reserved 1048576K
Event: 11.371 GC heap after
Heap after GC invocations=10 (full 2):
 PSYoungGen      total 247808K, used 15341K [0x0000000780900000, 0x0000000790f80000, 0x00000007c0000000)
  eden space 232448K, 0% used [0x0000000780900000,0x0000000780900000,0x000000078ec00000)
  from space 15360K, 99% used [0x0000000790080000,0x0000000790f7b410,0x0000000790f80000)
  to   space 17920K, 0% used [0x000000078ec80000,0x000000078ec80000,0x000000078fe00000)
 ParOldGen       total 124416K, used 23019K [0x0000000701a00000, 0x0000000709380000, 0x0000000780900000)
  object space 124416K, 18% used [0x0000000701a00000,0x000000070307ae90,0x0000000709380000)
 Metaspace       used 46897K, capacity 47345K, committed 47664K, reserved 1091584K
  class space    used 6018K, capacity 6114K, committed 6192K, reserved 1048576K
}
Event: 22.706 GC heap before
{Heap before GC invocations=11 (full 2):
 PSYoungGen      total 247808K, used 247789K [0x0000000780900000, 0x0000000790f80000, 0x00000007c0000000)
  eden space 232448K, 100% used [0x0000000780900000,0x000000078ec00000,0x000000078ec00000)
  from space 15360K, 99% used [0x0000000790080000,0x0000000790f7b410,0x0000000790f80000)
  to   space 17920K, 0% used [0x000000078ec80000,0x000000078ec80000,0x000000078fe00000)
 ParOldGen       total 124416K, used 23019K [0x0000000701a00000, 0x0000000709380000, 0x0000000780900000)
  object space 124416K, 18% used [0x0000000701a00000,0x000000070307ae90,0x0000000709380000)
 Metaspace       used 55775K, capacity 56299K, committed 56752K, reserved 1099776K
  class space    used 7140K, capacity 7271K, committed 7344K, reserved 1048576K
Event: 22.733 GC heap after
Heap after GC invocations=11 (full 2):
 PSYoungGen      total 250880K, used 17895K [0x0000000780900000, 0x0000000795180000, 0x00000007c0000000)
  eden space 232960K, 0% used [0x0000000780900000,0x0000000780900000,0x000000078ec80000)
  from space 17920K, 99% used [0x000000078ec80000,0x000000078fdf9ea0,0x000000078fe00000)
  to   space 20992K, 0% used [0x0000000793d00000,0x0000000793d00000,0x0000000795180000)
 ParOldGen       total 124416K, used 24446K [0x0000000701a00000, 0x0000000709380000, 0x0000000780900000)
  object space 124416K, 19% used [0x0000000701a00000,0x00000007031dfa90,0x0000000709380000)
 Metaspace       used 55775K, capacity 56299K, committed 56752K, reserved 1099776K
  class space    used 7140K, capacity 7271K, committed 7344K, reserved 1048576K
}

