# JRE version: Java(TM) SE Runtime Environment (8.0_65-b17) (build 1.8.0_65-b17)
# Java VM: Java HotSpot(TM) 64-Bit Server VM (25.65-b01 mixed mode windows-amd64 compressed oops)
Heap:
 PSYoungGen      total 227840K, used 44027K [0x0000000780900000, 0x0000000792900000, 0x00000007c0000000)
  eden space 210432K, 13% used [0x0000000780900000,0x000000078247d020,0x000000078d680000)
  from space 17408K, 91% used [0x000000078d680000,0x000000078e601f58,0x000000078e780000)
  to   space 19456K, 0% used [0x0000000791600000,0x0000000791600000,0x0000000792900000)
 ParOldGen       total 137216K, used 23070K [0x0000000701a00000, 0x000000070a000000, 0x0000000780900000)
  object space 137216K, 16% used [0x0000000701a00000,0x0000000703087938,0x000000070a000000)
 Metaspace       used 55194K, capacity 55701K, committed 56112K, reserved 1097728K
  class space    used 7071K, capacity 7204K, committed 7216K, reserved 1048576K
GC Heap History (10 events):
Event: 5.905 GC heap before
{Heap before GC invocations=7 (full 1):
 PSYoungGen      total 106496K, used 105132K [0x0000000780900000, 0x000000078ac80000, 0x00000007c0000000)
  eden space 98304K, 100% used [0x0000000780900000,0x0000000786900000,0x0000000786900000)
  from space 8192K, 83% used [0x0000000786900000,0x0000000786fab0a0,0x0000000787100000)
  to   space 9728K, 0% used [0x000000078a300000,0x000000078a300000,0x000000078ac80000)
 ParOldGen       total 79360K, used 6777K [0x0000000701a00000, 0x0000000706780000, 0x0000000780900000)
  object space 79360K, 8% used [0x0000000701a00000,0x000000070209e7e8,0x0000000706780000)
 Metaspace       used 29808K, capacity 30147K, committed 30512K, reserved 1075200K
  class space    used 3666K, capacity 3771K, committed 3888K, reserved 1048576K
Event: 5.928 GC heap after
Heap after GC invocations=7 (full 1):
 PSYoungGen      total 155136K, used 9721K [0x0000000780900000, 0x000000078b000000, 0x00000007c0000000)
  eden space 145408K, 0% used [0x0000000780900000,0x0000000780900000,0x0000000789700000)
  from space 9728K, 99% used [0x000000078a300000,0x000000078ac7e4c8,0x000000078ac80000)
  to   space 12288K, 0% used [0x0000000789700000,0x0000000789700000,0x000000078a300000)
 ParOldGen       total 79360K, used 9664K [0x0000000701a00000, 0x0000000706780000, 0x0000000780900000)
  object space 79360K, 12% used [0x0000000701a00000,0x0000000702370368,0x0000000706780000)
 Metaspace       used 29808K, capacity 30147K, committed 30512K, reserved 1075200K
  class space    used 3666K, capacity 3771K, committed 3888K, reserved 1048576K
}
Event: 7.185 GC heap before
{Heap before GC invocations=8 (full 1):
 PSYoungGen      total 155136K, used 114909K [0x0000000780900000, 0x000000078b000000, 0x00000007c0000000)
  eden space 145408K, 72% used [0x0000000780900000,0x0000000786fb9328,0x0000000789700000)
  from space 9728K, 99% used [0x000000078a300000,0x000000078ac7e4c8,0x000000078ac80000)
  to   space 12288K, 0% used [0x0000000789700000,0x0000000789700000,0x000000078a300000)
 ParOldGen       total 79360K, used 9664K [0x0000000701a00000, 0x0000000706780000, 0x0000000780900000)
  object space 79360K, 12% used [0x0000000701a00000,0x0000000702370368,0x0000000706780000)
 Metaspace       used 34896K, capacity 35219K, committed 35496K, reserved 1081344K
  class space    used 4285K, capacity 4387K, committed 4400K, reserved 1048576K
Event: 7.208 GC heap after
Heap after GC invocations=8 (full 1):
 PSYoungGen      total 157696K, used 12271K [0x0000000780900000, 0x000000078f980000, 0x00000007c0000000)
  eden space 145408K, 0% used [0x0000000780900000,0x0000000780900000,0x0000000789700000)
  from space 12288K, 99% used [0x0000000789700000,0x000000078a2fbf88,0x000000078a300000)
  to   space 15872K, 0% used [0x000000078ea00000,0x000000078ea00000,0x000000078f980000)
 ParOldGen       total 79360K, used 14290K [0x0000000701a00000, 0x0000000706780000, 0x0000000780900000)
  object space 79360K, 18% used [0x0000000701a00000,0x00000007027f4bf0,0x0000000706780000)
 Metaspace       used 34896K, capacity 35219K, committed 35496K, reserved 1081344K
  class space    used 4285K, capacity 4387K, committed 4400K, reserved 1048576K
}
Event: 7.209 GC heap before
{Heap before GC invocations=9 (full 2):
 PSYoungGen      total 157696K, used 12271K [0x0000000780900000, 0x000000078f980000, 0x00000007c0000000)
  eden space 145408K, 0% used [0x0000000780900000,0x0000000780900000,0x0000000789700000)
  from space 12288K, 99% used [0x0000000789700000,0x000000078a2fbf88,0x000000078a300000)
  to   space 15872K, 0% used [0x000000078ea00000,0x000000078ea00000,0x000000078f980000)
 ParOldGen       total 79360K, used 14290K [0x0000000701a00000, 0x0000000706780000, 0x0000000780900000)
  object space 79360K, 18% used [0x0000000701a00000,0x00000007027f4bf0,0x0000000706780000)
 Metaspace       used 34896K, capacity 35219K, committed 35496K, reserved 1081344K
  class space    used 4285K, capacity 4387K, committed 4400K, reserved 1048576K
Event: 7.305 GC heap after
Heap after GC invocations=9 (full 2):
 PSYoungGen      total 157696K, used 0K [0x0000000780900000, 0x000000078f980000, 0x00000007c0000000)
  eden space 145408K, 0% used [0x0000000780900000,0x0000000780900000,0x0000000789700000)
  from space 12288K, 0% used [0x0000000789700000,0x0000000789700000,0x000000078a300000)
  to   space 15872K, 0% used [0x000000078ea00000,0x000000078ea00000,0x000000078f980000)
 ParOldGen       total 137216K, used 23054K [0x0000000701a00000, 0x000000070a000000, 0x0000000780900000)
  object space 137216K, 16% used [0x0000000701a00000,0x0000000703083938,0x000000070a000000)
 Metaspace       used 34896K, capacity 35219K, committed 35496K, reserved 1081344K
  class space    used 4285K, capacity 4387K, committed 4400K, reserved 1048576K
}
Event: 9.617 GC heap before
{Heap before GC invocations=10 (full 2):
 PSYoungGen      total 157696K, used 145408K [0x0000000780900000, 0x000000078f980000, 0x00000007c0000000)
  eden space 145408K, 100% used [0x0000000780900000,0x0000000789700000,0x0000000789700000)
  from space 12288K, 0% used [0x0000000789700000,0x0000000789700000,0x000000078a300000)
  to   space 15872K, 0% used [0x000000078ea00000,0x000000078ea00000,0x000000078f980000)
 ParOldGen       total 137216K, used 23054K [0x0000000701a00000, 0x000000070a000000, 0x0000000780900000)
  object space 137216K, 16% used [0x0000000701a00000,0x0000000703083938,0x000000070a000000)
 Metaspace       used 46698K, capacity 47053K, committed 47664K, reserved 1091584K
  class space    used 6002K, capacity 6098K, committed 6192K, reserved 1048576K
Event: 9.637 GC heap after
Heap after GC invocations=10 (full 2):
 PSYoungGen      total 222720K, used 14728K [0x0000000780900000, 0x000000078f880000, 0x00000007c0000000)
  eden space 207872K, 0% used [0x0000000780900000,0x0000000780900000,0x000000078d400000)
  from space 14848K, 99% used [0x000000078ea00000,0x000000078f862338,0x000000078f880000)
  to   space 17408K, 0% used [0x000000078d680000,0x000000078d680000,0x000000078e780000)
 ParOldGen       total 137216K, used 23062K [0x0000000701a00000, 0x000000070a000000, 0x0000000780900000)
  object space 137216K, 16% used [0x0000000701a00000,0x0000000703085938,0x000000070a000000)
 Metaspace       used 46698K, capacity 47053K, committed 47664K, reserved 1091584K
  class space    used 6002K, capacity 6098K, committed 6192K, reserved 1048576K
}
Event: 13.531 GC heap before
{Heap before GC invocations=11 (full 2):
 PSYoungGen      total 222720K, used 222600K [0x0000000780900000, 0x000000078f880000, 0x00000007c0000000)
  eden space 207872K, 100% used [0x0000000780900000,0x000000078d400000,0x000000078d400000)
  from space 14848K, 99% used [0x000000078ea00000,0x000000078f862338,0x000000078f880000)
  to   space 17408K, 0% used [0x000000078d680000,0x000000078d680000,0x000000078e780000)
 ParOldGen       total 137216K, used 23062K [0x0000000701a00000, 0x000000070a000000, 0x0000000780900000)
  object space 137216K, 16% used [0x0000000701a00000,0x0000000703085938,0x000000070a000000)
 Metaspace       used 53208K, capacity 53781K, committed 54064K, reserved 1095680K
  class space    used 6804K, capacity 6948K, committed 6960K, reserved 1048576K
Event: 13.553 GC heap after
Heap after GC invocations=11 (full 2):
 PSYoungGen      total 227840K, used 15879K [0x0000000780900000, 0x0000000792900000, 0x00000007c0000000)
  eden space 210432K, 0% used [0x0000000780900000,0x0000000780900000,0x000000078d680000)
  from space 17408K, 91% used [0x000000078d680000,0x000000078e601f58,0x000000078e780000)
  to   space 19456K, 0% used [0x0000000791600000,0x0000000791600000,0x0000000792900000)
 ParOldGen       total 137216K, used 23070K [0x0000000701a00000, 0x000000070a000000, 0x0000000780900000)
  object space 137216K, 16% used [0x0000000701a00000,0x0000000703087938,0x000000070a000000)
 Metaspace       used 53208K, capacity 53781K, committed 54064K, reserved 1095680K
  class space    used 6804K, capacity 6948K, committed 6960K, reserved 1048576K
}

