# JRE version: Java(TM) SE Runtime Environment (8.0_65-b17) (build 1.8.0_65-b17)
# Java VM: Java HotSpot(TM) 64-Bit Server VM (25.65-b01 mixed mode windows-amd64 compressed oops)
Heap:
 PSYoungGen      total 239616K, used 107491K [0x0000000780900000, 0x0000000790900000, 0x00000007c0000000)
  eden space 224256K, 41% used [0x0000000780900000,0x0000000786324858,0x000000078e400000)
  from space 15360K, 98% used [0x000000078fa00000,0x00000007908d4628,0x0000000790900000)
  to   space 17920K, 0% used [0x000000078e600000,0x000000078e600000,0x000000078f780000)
 ParOldGen       total 130560K, used 23260K [0x0000000701a00000, 0x0000000709980000, 0x0000000780900000)
  object space 130560K, 17% used [0x0000000701a00000,0x00000007030b7320,0x0000000709980000)
 Metaspace       used 49601K, capacity 50042K, committed 50352K, reserved 1093632K
  class space    used 6415K, capacity 6510K, committed 6576K, reserved 1048576K
GC Heap History (10 events):
Event: 4.499 GC heap before
{Heap before GC invocations=6 (full 1):
 PSYoungGen      total 106496K, used 98304K [0x0000000780900000, 0x0000000787900000, 0x00000007c0000000)
  eden space 98304K, 100% used [0x0000000780900000,0x0000000786900000,0x0000000786900000)
  from space 8192K, 0% used [0x0000000787100000,0x0000000787100000,0x0000000787900000)
  to   space 8192K, 0% used [0x0000000786900000,0x0000000786900000,0x0000000787100000)
 ParOldGen       total 76288K, used 6712K [0x0000000701a00000, 0x0000000706480000, 0x0000000780900000)
  object space 76288K, 8% used [0x0000000701a00000,0x000000070208e0c0,0x0000000706480000)
 Metaspace       used 24836K, capacity 25044K, committed 25392K, reserved 1071104K
  class space    used 3023K, capacity 3085K, committed 3120K, reserved 1048576K
Event: 4.515 GC heap after
Heap after GC invocations=6 (full 1):
 PSYoungGen      total 106496K, used 6928K [0x0000000780900000, 0x000000078b300000, 0x00000007c0000000)
  eden space 98304K, 0% used [0x0000000780900000,0x0000000780900000,0x0000000786900000)
  from space 8192K, 84% used [0x0000000786900000,0x0000000786fc4118,0x0000000787100000)
  to   space 9728K, 0% used [0x000000078a980000,0x000000078a980000,0x000000078b300000)
 ParOldGen       total 76288K, used 6720K [0x0000000701a00000, 0x0000000706480000, 0x0000000780900000)
  object space 76288K, 8% used [0x0000000701a00000,0x00000007020900c0,0x0000000706480000)
 Metaspace       used 24836K, capacity 25044K, committed 25392K, reserved 1071104K
  class space    used 3023K, capacity 3085K, committed 3120K, reserved 1048576K
}
Event: 5.662 GC heap before
{Heap before GC invocations=7 (full 1):
 PSYoungGen      total 106496K, used 105232K [0x0000000780900000, 0x000000078b300000, 0x00000007c0000000)
  eden space 98304K, 100% used [0x0000000780900000,0x0000000786900000,0x0000000786900000)
  from space 8192K, 84% used [0x0000000786900000,0x0000000786fc4118,0x0000000787100000)
  to   space 9728K, 0% used [0x000000078a980000,0x000000078a980000,0x000000078b300000)
 ParOldGen       total 76288K, used 6720K [0x0000000701a00000, 0x0000000706480000, 0x0000000780900000)
  object space 76288K, 8% used [0x0000000701a00000,0x00000007020900c0,0x0000000706480000)
 Metaspace       used 29657K, capacity 29928K, committed 30128K, reserved 1075200K
  class space    used 3652K, capacity 3739K, committed 3760K, reserved 1048576K
Event: 5.683 GC heap after
Heap after GC invocations=7 (full 1):
 PSYoungGen      total 161792K, used 9718K [0x0000000780900000, 0x000000078b580000, 0x00000007c0000000)
  eden space 152064K, 0% used [0x0000000780900000,0x0000000780900000,0x0000000789d80000)
  from space 9728K, 99% used [0x000000078a980000,0x000000078b2fda60,0x000000078b300000)
  to   space 12288K, 0% used [0x0000000789d80000,0x0000000789d80000,0x000000078a980000)
 ParOldGen       total 76288K, used 9509K [0x0000000701a00000, 0x0000000706480000, 0x0000000780900000)
  object space 76288K, 12% used [0x0000000701a00000,0x0000000702349400,0x0000000706480000)
 Metaspace       used 29657K, capacity 29928K, committed 30128K, reserved 1075200K
  class space    used 3652K, capacity 3739K, committed 3760K, reserved 1048576K
}
Event: 7.138 GC heap before
{Heap before GC invocations=8 (full 1):
 PSYoungGen      total 161792K, used 115924K [0x0000000780900000, 0x000000078b580000, 0x00000007c0000000)
  eden space 152064K, 69% used [0x0000000780900000,0x00000007870b78a8,0x0000000789d80000)
  from space 9728K, 99% used [0x000000078a980000,0x000000078b2fda60,0x000000078b300000)
  to   space 12288K, 0% used [0x0000000789d80000,0x0000000789d80000,0x000000078a980000)
 ParOldGen       total 76288K, used 9509K [0x0000000701a00000, 0x0000000706480000, 0x0000000780900000)
  object space 76288K, 12% used [0x0000000701a00000,0x0000000702349400,0x0000000706480000)
 Metaspace       used 34954K, capacity 35288K, committed 35496K, reserved 1081344K
  class space    used 4295K, capacity 4387K, committed 4400K, reserved 1048576K
Event: 7.161 GC heap after
Heap after GC invocations=8 (full 1):
 PSYoungGen      total 164352K, used 12267K [0x0000000780900000, 0x0000000790980000, 0x00000007c0000000)
  eden space 152064K, 0% used [0x0000000780900000,0x0000000780900000,0x0000000789d80000)
  from space 12288K, 99% used [0x0000000789d80000,0x000000078a97ae98,0x000000078a980000)
  to   space 15872K, 0% used [0x000000078fa00000,0x000000078fa00000,0x0000000790980000)
 ParOldGen       total 76288K, used 14382K [0x0000000701a00000, 0x0000000706480000, 0x0000000780900000)
  object space 76288K, 18% used [0x0000000701a00000,0x000000070280b9d8,0x0000000706480000)
 Metaspace       used 34954K, capacity 35288K, committed 35496K, reserved 1081344K
  class space    used 4295K, capacity 4387K, committed 4400K, reserved 1048576K
}
Event: 7.161 GC heap before
{Heap before GC invocations=9 (full 2):
 PSYoungGen      total 164352K, used 12267K [0x0000000780900000, 0x0000000790980000, 0x00000007c0000000)
  eden space 152064K, 0% used [0x0000000780900000,0x0000000780900000,0x0000000789d80000)
  from space 12288K, 99% used [0x0000000789d80000,0x000000078a97ae98,0x000000078a980000)
  to   space 15872K, 0% used [0x000000078fa00000,0x000000078fa00000,0x0000000790980000)
 ParOldGen       total 76288K, used 14382K [0x0000000701a00000, 0x0000000706480000, 0x0000000780900000)
  object space 76288K, 18% used [0x0000000701a00000,0x000000070280b9d8,0x0000000706480000)
 Metaspace       used 34954K, capacity 35288K, committed 35496K, reserved 1081344K
  class space    used 4295K, capacity 4387K, committed 4400K, reserved 1048576K
Event: 7.255 GC heap after
Heap after GC invocations=9 (full 2):
 PSYoungGen      total 164352K, used 0K [0x0000000780900000, 0x0000000790980000, 0x00000007c0000000)
  eden space 152064K, 0% used [0x0000000780900000,0x0000000780900000,0x0000000789d80000)
  from space 12288K, 0% used [0x0000000789d80000,0x0000000789d80000,0x000000078a980000)
  to   space 15872K, 0% used [0x000000078fa00000,0x000000078fa00000,0x0000000790980000)
 ParOldGen       total 130560K, used 23252K [0x0000000701a00000, 0x0000000709980000, 0x0000000780900000)
  object space 130560K, 17% used [0x0000000701a00000,0x00000007030b5320,0x0000000709980000)
 Metaspace       used 34954K, capacity 35288K, committed 35496K, reserved 1081344K
  class space    used 4295K, capacity 4387K, committed 4400K, reserved 1048576K
}
Event: 9.852 GC heap before
{Heap before GC invocations=10 (full 2):
 PSYoungGen      total 164352K, used 152064K [0x0000000780900000, 0x0000000790980000, 0x00000007c0000000)
  eden space 152064K, 100% used [0x0000000780900000,0x0000000789d80000,0x0000000789d80000)
  from space 12288K, 0% used [0x0000000789d80000,0x0000000789d80000,0x000000078a980000)
  to   space 15872K, 0% used [0x000000078fa00000,0x000000078fa00000,0x0000000790980000)
 ParOldGen       total 130560K, used 23252K [0x0000000701a00000, 0x0000000709980000, 0x0000000780900000)
  object space 130560K, 17% used [0x0000000701a00000,0x00000007030b5320,0x0000000709980000)
 Metaspace       used 46887K, capacity 47282K, committed 47664K, reserved 1091584K
  class space    used 6018K, capacity 6114K, committed 6192K, reserved 1048576K
Event: 9.882 GC heap after
Heap after GC invocations=10 (full 2):
 PSYoungGen      total 239616K, used 15185K [0x0000000780900000, 0x0000000790900000, 0x00000007c0000000)
  eden space 224256K, 0% used [0x0000000780900000,0x0000000780900000,0x000000078e400000)
  from space 15360K, 98% used [0x000000078fa00000,0x00000007908d4628,0x0000000790900000)
  to   space 17920K, 0% used [0x000000078e600000,0x000000078e600000,0x000000078f780000)
 ParOldGen       total 130560K, used 23260K [0x0000000701a00000, 0x0000000709980000, 0x0000000780900000)
  object space 130560K, 17% used [0x0000000701a00000,0x00000007030b7320,0x0000000709980000)
 Metaspace       used 46887K, capacity 47282K, committed 47664K, reserved 1091584K
  class space    used 6018K, capacity 6114K, committed 6192K, reserved 1048576K
}

